android/app/build/intermediates/manifest_merge_blame_file/debug/manifest-merger-blame-debug-report.txt
1<?xml version="1.0" encoding="utf-8"?>
2<manifest xmlns:android="http://schemas.android.com/apk/res/android"
3    package="com.socketVal"
4    android:versionCode="12"
5    android:versionName="1.0.0" >
6    <!--
7 <queries>
8        <intent>
9            <action android:name="android.intent.action.SEND" />
10            <data android:mimeType="text/plain" />
11        </intent>
12    </queries>
13    -->
14    <uses-sdk
15        android:minSdkVersion="21"
16        android:targetSdkVersion="31" />
17
18    <uses-permission android:name="android.permission.SYSTEM_ALERT_WINDOW" />
18-->src/debug/AndroidManifest.xml:5:5-77
18-->src/debug/AndroidManifest.xml:5:22-75
19    <uses-permission android:name="android.permission.INTERNET" />
19-->src/main/AndroidManifest.xml:5:5-67
19-->src/main/AndroidManifest.xml:5:22-64
20    <uses-permission android:name="android.permission.VIBRATE" />
20-->src/main/AndroidManifest.xml:6:5-66
20-->src/main/AndroidManifest.xml:6:22-63
21    <uses-permission android:name="android.permission.RECEIVE_BOOT_COMPLETED" />
21-->src/main/AndroidManifest.xml:7:5-80
21-->src/main/AndroidManifest.xml:7:22-78
22    <uses-permission android:name="com.google.android.gms.permission.AD_ID" />
22-->src/main/AndroidManifest.xml:8:5-78
22-->src/main/AndroidManifest.xml:8:22-76
23    <uses-permission android:name="android.permission.ACCESS_WIFI_STATE" />
23-->[com.facebook.flipper:flipper:0.125.0] AndroidManifest.xml:16:5-76
23-->[com.facebook.flipper:flipper:0.125.0] AndroidManifest.xml:16:22-73
24    <uses-permission android:name="android.permission.ACCESS_NETWORK_STATE" />
24-->[:react-native-community_netinfo] AndroidManifest.xml:9:5-79
24-->[:react-native-community_netinfo] AndroidManifest.xml:9:22-76
25    <uses-permission android:name="android.permission.WAKE_LOCK" /> <!-- See https://developer.android.com/training/package-visibility/declaring for more details. -->
25-->[:react-native-firebase_messaging] AndroidManifest.xml:10:5-68
25-->[:react-native-firebase_messaging] AndroidManifest.xml:10:22-65
26    <queries>
26-->[com.stripe:financial-connections:20.12.0] AndroidManifest.xml:12:5-20:15
27
28        <!-- Added to check the default browser that will host the AuthFlow. -->
29        <intent>
29-->[com.stripe:financial-connections:20.12.0] AndroidManifest.xml:15:9-19:18
30            <action android:name="android.intent.action.VIEW" />
30-->src/main/AndroidManifest.xml:59:17-69
30-->src/main/AndroidManifest.xml:59:25-66
31
32            <data android:scheme="http" />
32-->src/main/AndroidManifest.xml:58:17-70
32-->src/main/AndroidManifest.xml:58:23-47
33        </intent>
34        <!-- Added to check if Chrome is installed for browser-based payment authentication (e.g. 3DS1). -->
35        <package android:name="com.android.chrome" /> <!-- Needs to be explicitly declared on Android R+ -->
35-->[com.stripe:payments-core:20.12.0] AndroidManifest.xml:13:9-54
35-->[com.stripe:payments-core:20.12.0] AndroidManifest.xml:13:18-51
36        <package android:name="com.google.android.apps.maps" />
36-->[com.google.android.gms:play-services-maps:18.0.2] AndroidManifest.xml:33:9-64
36-->[com.google.android.gms:play-services-maps:18.0.2] AndroidManifest.xml:33:18-61
37    </queries>
38
39    <uses-permission android:name="com.google.android.finsky.permission.BIND_GET_INSTALL_REFERRER_SERVICE" />
39-->[com.google.android.gms:play-services-measurement:21.1.0] AndroidManifest.xml:26:5-110
39-->[com.google.android.gms:play-services-measurement:21.1.0] AndroidManifest.xml:26:22-107
40    <uses-permission android:name="android.permission.POST_NOTIFICATIONS" /> <!-- Required by older versions of Google Play services to create IID tokens -->
40-->[com.google.firebase:firebase-messaging:23.0.6] AndroidManifest.xml:26:5-77
40-->[com.google.firebase:firebase-messaging:23.0.6] AndroidManifest.xml:26:22-74
41    <uses-permission android:name="com.google.android.c2dm.permission.RECEIVE" />
41-->[com.google.firebase:firebase-messaging:23.0.6] AndroidManifest.xml:29:5-82
41-->[com.google.firebase:firebase-messaging:23.0.6] AndroidManifest.xml:29:22-79
42
43    <uses-feature
43-->[com.google.android.gms:play-services-maps:18.0.2] AndroidManifest.xml:26:5-28:35
44        android:glEsVersion="0x00020000"
44-->[com.google.android.gms:play-services-maps:18.0.2] AndroidManifest.xml:27:9-41
45        android:required="true" />
45-->[com.google.android.gms:play-services-maps:18.0.2] AndroidManifest.xml:28:9-32
46
47    <permission
47-->[androidx.core:core:1.9.0] AndroidManifest.xml:22:5-24:47
48        android:name="com.socketVal.DYNAMIC_RECEIVER_NOT_EXPORTED_PERMISSION"
48-->[androidx.core:core:1.9.0] AndroidManifest.xml:23:9-81
49        android:protectionLevel="signature" />
49-->[androidx.core:core:1.9.0] AndroidManifest.xml:24:9-44
50
51    <uses-permission android:name="com.socketVal.DYNAMIC_RECEIVER_NOT_EXPORTED_PERMISSION" /> <!-- for android -->
51-->[androidx.core:core:1.9.0] AndroidManifest.xml:26:5-97
51-->[androidx.core:core:1.9.0] AndroidManifest.xml:26:22-94
52    <!-- <uses-permission android:name="com.android.launcher.permission.READ_SETTINGS"/> -->
53    <!-- <uses-permission android:name="com.android.launcher.permission.WRITE_SETTINGS"/> -->
54    <!-- <uses-permission android:name="com.android.launcher.permission.INSTALL_SHORTCUT" /> -->
55    <!-- <uses-permission android:name="com.android.launcher.permission.UNINSTALL_SHORTCUT" /> -->
56    <!-- for Samsung -->
57    <uses-permission android:name="com.sec.android.provider.badge.permission.READ" />
57-->[me.leolin:ShortcutBadger:1.1.22] AndroidManifest.xml:19:5-86
57-->[me.leolin:ShortcutBadger:1.1.22] AndroidManifest.xml:19:22-83
58    <uses-permission android:name="com.sec.android.provider.badge.permission.WRITE" /> <!-- for htc -->
58-->[me.leolin:ShortcutBadger:1.1.22] AndroidManifest.xml:20:5-87
58-->[me.leolin:ShortcutBadger:1.1.22] AndroidManifest.xml:20:22-84
59    <uses-permission android:name="com.htc.launcher.permission.READ_SETTINGS" />
59-->[me.leolin:ShortcutBadger:1.1.22] AndroidManifest.xml:23:5-81
59-->[me.leolin:ShortcutBadger:1.1.22] AndroidManifest.xml:23:22-78
60    <uses-permission android:name="com.htc.launcher.permission.UPDATE_SHORTCUT" /> <!-- for sony -->
60-->[me.leolin:ShortcutBadger:1.1.22] AndroidManifest.xml:24:5-83
60-->[me.leolin:ShortcutBadger:1.1.22] AndroidManifest.xml:24:22-80
61    <uses-permission android:name="com.sonyericsson.home.permission.BROADCAST_BADGE" />
61-->[me.leolin:ShortcutBadger:1.1.22] AndroidManifest.xml:27:5-88
61-->[me.leolin:ShortcutBadger:1.1.22] AndroidManifest.xml:27:22-85
62    <uses-permission android:name="com.sonymobile.home.permission.PROVIDER_INSERT_BADGE" /> <!-- for apex -->
62-->[me.leolin:ShortcutBadger:1.1.22] AndroidManifest.xml:28:5-92
62-->[me.leolin:ShortcutBadger:1.1.22] AndroidManifest.xml:28:22-89
63    <uses-permission android:name="com.anddoes.launcher.permission.UPDATE_COUNT" /> <!-- for solid -->
63-->[me.leolin:ShortcutBadger:1.1.22] AndroidManifest.xml:31:5-84
63-->[me.leolin:ShortcutBadger:1.1.22] AndroidManifest.xml:31:22-81
64    <uses-permission android:name="com.majeur.launcher.permission.UPDATE_BADGE" /> <!-- for huawei -->
64-->[me.leolin:ShortcutBadger:1.1.22] AndroidManifest.xml:34:5-83
64-->[me.leolin:ShortcutBadger:1.1.22] AndroidManifest.xml:34:22-80
65    <uses-permission android:name="com.huawei.android.launcher.permission.CHANGE_BADGE" />
65-->[me.leolin:ShortcutBadger:1.1.22] AndroidManifest.xml:37:5-91
65-->[me.leolin:ShortcutBadger:1.1.22] AndroidManifest.xml:37:22-88
66    <uses-permission android:name="com.huawei.android.launcher.permission.READ_SETTINGS" />
66-->[me.leolin:ShortcutBadger:1.1.22] AndroidManifest.xml:38:5-92
66-->[me.leolin:ShortcutBadger:1.1.22] AndroidManifest.xml:38:22-89
67    <uses-permission android:name="com.huawei.android.launcher.permission.WRITE_SETTINGS" /> <!-- for ZUK -->
67-->[me.leolin:ShortcutBadger:1.1.22] AndroidManifest.xml:39:5-93
67-->[me.leolin:ShortcutBadger:1.1.22] AndroidManifest.xml:39:22-90
68    <uses-permission android:name="android.permission.READ_APP_BADGE" /> <!-- for OPPO -->
68-->[me.leolin:ShortcutBadger:1.1.22] AndroidManifest.xml:42:5-73
68-->[me.leolin:ShortcutBadger:1.1.22] AndroidManifest.xml:42:22-70
69    <uses-permission android:name="com.oppo.launcher.permission.READ_SETTINGS" />
69-->[me.leolin:ShortcutBadger:1.1.22] AndroidManifest.xml:45:5-82
69-->[me.leolin:ShortcutBadger:1.1.22] AndroidManifest.xml:45:22-79
70    <uses-permission android:name="com.oppo.launcher.permission.WRITE_SETTINGS" /> <!-- for EvMe -->
70-->[me.leolin:ShortcutBadger:1.1.22] AndroidManifest.xml:46:5-83
70-->[me.leolin:ShortcutBadger:1.1.22] AndroidManifest.xml:46:22-80
71    <uses-permission android:name="me.everything.badger.permission.BADGE_COUNT_READ" />
71-->[me.leolin:ShortcutBadger:1.1.22] AndroidManifest.xml:49:5-88
71-->[me.leolin:ShortcutBadger:1.1.22] AndroidManifest.xml:49:22-85
72    <uses-permission android:name="me.everything.badger.permission.BADGE_COUNT_WRITE" />
72-->[me.leolin:ShortcutBadger:1.1.22] AndroidManifest.xml:50:5-89
72-->[me.leolin:ShortcutBadger:1.1.22] AndroidManifest.xml:50:22-86
73
74    <application
74-->src/main/AndroidManifest.xml:11:5-77:19
75        android:name="com.socketVal.MainApplication"
75-->src/main/AndroidManifest.xml:12:7-38
76        android:allowBackup="false"
76-->src/main/AndroidManifest.xml:16:7-34
77        android:appComponentFactory="androidx.core.app.CoreComponentFactory"
77-->[androidx.core:core:1.9.0] AndroidManifest.xml:28:18-86
78        android:debuggable="true"
79        android:icon="@mipmap/ic_launcher"
79-->src/main/AndroidManifest.xml:14:7-41
80        android:label="@string/app_name"
80-->src/main/AndroidManifest.xml:13:7-39
81        android:roundIcon="@mipmap/ic_launcher_round"
81-->src/main/AndroidManifest.xml:15:7-52
82        android:theme="@style/AppTheme"
82-->src/main/AndroidManifest.xml:17:7-38
83        android:usesCleartextTraffic="true" >
83-->src/main/AndroidManifest.xml:18:7-42
84        <activity
84-->src/debug/AndroidManifest.xml:11:9-111
85            android:name="com.facebook.react.devsupport.DevSettingsActivity"
85-->src/debug/AndroidManifest.xml:11:19-83
86            android:exported="false" />
86-->src/debug/AndroidManifest.xml:11:84-108
87
88        <meta-data
88-->src/main/AndroidManifest.xml:20:9-120
89            android:name="com.dieam.reactnativepushnotification.notification_foreground"
89-->src/main/AndroidManifest.xml:20:21-97
90            android:value="true" />
90-->src/main/AndroidManifest.xml:20:98-118
91        <meta-data
91-->src/main/AndroidManifest.xml:21:9-126
92            android:name="com.dieam.reactnativepushnotification.notification_color"
92-->src/main/AndroidManifest.xml:21:21-92
93            android:resource="@color/white" />
93-->src/main/AndroidManifest.xml:21:93-124
94        <meta-data
94-->src/main/AndroidManifest.xml:22:9-157
95            android:name="com.dieam.firebase.messaging.default_notification_channel_id"
95-->src/main/AndroidManifest.xml:22:21-96
96            android:resource="@string/default_notification_channel_id" />
96-->src/main/AndroidManifest.xml:22:97-155
97
98        <receiver android:name="com.dieam.reactnativepushnotification.modules.RNPushNotificationActions" />
98-->src/main/AndroidManifest.xml:24:9-108
98-->src/main/AndroidManifest.xml:24:19-105
99        <receiver android:name="com.dieam.reactnativepushnotification.modules.RNPushNotificationPublisher" />
99-->src/main/AndroidManifest.xml:25:9-110
99-->src/main/AndroidManifest.xml:25:19-107
100        <!--
101 <receiver android:name="com.dieam.reactnativepushnotification.modules.RNPushNotificationBootEventReceiver">
102            <intent-filter>
103                <action android:name="android.intent.action.BOOT_COMPLETED" />
104                <action android:name="android.intent.action.QUICKBOOT_POWERON" />
105                <action android:name="com.htc.intent.action.QUICKBOOT_POWERON"/>
106            </intent-filter>
107        </receiver>
108        -->
109        <service
109-->src/main/AndroidManifest.xml:34:9-40:19
110            android:name="com.dieam.reactnativepushnotification.modules.RNPushNotificationListenerService"
110-->src/main/AndroidManifest.xml:35:13-107
111            android:exported="false" >
111-->src/main/AndroidManifest.xml:36:13-37
112            <intent-filter>
112-->src/main/AndroidManifest.xml:37:13-39:29
113                <action android:name="com.google.firebase.MESSAGING_EVENT" />
113-->src/main/AndroidManifest.xml:38:17-78
113-->src/main/AndroidManifest.xml:38:25-75
114            </intent-filter>
115        </service>
116
117        <activity
117-->src/main/AndroidManifest.xml:42:7-72:18
118            android:name="com.socketVal.MainActivity"
118-->src/main/AndroidManifest.xml:43:9-37
119            android:configChanges="keyboard|keyboardHidden|orientation|screenLayout|screenSize|smallestScreenSize|uiMode"
119-->src/main/AndroidManifest.xml:45:9-118
120            android:exported="true"
120-->src/main/AndroidManifest.xml:48:9-32
121            android:label="@string/app_name"
121-->src/main/AndroidManifest.xml:44:9-41
122            android:launchMode="singleTask"
122-->src/main/AndroidManifest.xml:46:9-40
123            android:screenOrientation="portrait"
123-->src/main/AndroidManifest.xml:49:9-45
124            android:windowSoftInputMode="adjustResize" >
124-->src/main/AndroidManifest.xml:47:9-51
125            <intent-filter>
125-->src/main/AndroidManifest.xml:50:9-53:25
126                <action android:name="android.intent.action.MAIN" />
126-->src/main/AndroidManifest.xml:51:13-65
126-->src/main/AndroidManifest.xml:51:21-62
127
128                <category android:name="android.intent.category.LAUNCHER" />
128-->src/main/AndroidManifest.xml:52:13-73
128-->src/main/AndroidManifest.xml:52:23-70
129            </intent-filter>
130
131            <!-- Branch URI Scheme -->
132            <intent-filter>
132-->src/main/AndroidManifest.xml:56:13-62:29
133
134                <!-- If utilizing $deeplink_path please explicitly declare your hosts, or utilize a wildcard(*) -->
135                <data
135-->src/main/AndroidManifest.xml:58:17-70
136                    android:host="open"
136-->src/main/AndroidManifest.xml:58:48-67
137                    android:scheme="yourapp" />
137-->src/main/AndroidManifest.xml:58:23-47
138
139                <action android:name="android.intent.action.VIEW" />
139-->src/main/AndroidManifest.xml:59:17-69
139-->src/main/AndroidManifest.xml:59:25-66
140
141                <category android:name="android.intent.category.DEFAULT" />
141-->src/main/AndroidManifest.xml:60:17-76
141-->src/main/AndroidManifest.xml:60:27-73
142                <category android:name="android.intent.category.BROWSABLE" />
142-->src/main/AndroidManifest.xml:61:17-78
142-->src/main/AndroidManifest.xml:61:27-75
143            </intent-filter>
144            <intent-filter android:autoVerify="true" >
144-->src/main/AndroidManifest.xml:64:21-71:29
144-->src/main/AndroidManifest.xml:64:36-61
145                <action android:name="android.intent.action.VIEW" />
145-->src/main/AndroidManifest.xml:59:17-69
145-->src/main/AndroidManifest.xml:59:25-66
146
147                <category android:name="android.intent.category.DEFAULT" />
147-->src/main/AndroidManifest.xml:60:17-76
147-->src/main/AndroidManifest.xml:60:27-73
148                <category android:name="android.intent.category.BROWSABLE" />
148-->src/main/AndroidManifest.xml:61:17-78
148-->src/main/AndroidManifest.xml:61:27-75
149
150                <data
150-->src/main/AndroidManifest.xml:58:17-70
151                    android:host="ok1zg.test-app.link"
151-->src/main/AndroidManifest.xml:58:48-67
152                    android:scheme="https" />
152-->src/main/AndroidManifest.xml:58:23-47
153                <!-- example-alternate domain is required for App Links when the Journeys/Web SDK and Deepviews are used inside your website. -->
154                <data
154-->src/main/AndroidManifest.xml:58:17-70
155                    android:host="ok1zg-alternate.test-app.link"
155-->src/main/AndroidManifest.xml:58:48-67
156                    android:scheme="https" />
156-->src/main/AndroidManifest.xml:58:23-47
157            </intent-filter>
158        </activity> <!-- Branch init -->
159        <meta-data
159-->src/main/AndroidManifest.xml:74:9-124
160            android:name="io.branch.sdk.BranchKey.test"
160-->src/main/AndroidManifest.xml:74:20-63
161            android:value="key_test_dvinsUGuztdU2PVTaV9VgcaozBkXbIZu" />
161-->src/main/AndroidManifest.xml:74:64-121
162        <meta-data
162-->src/main/AndroidManifest.xml:75:9-81
163            android:name="io.branch.sdk.TestMode"
163-->src/main/AndroidManifest.xml:75:20-57
164            android:value="true" /> <!-- Disable crashlytics by default so we can custom init with CrashlyticsNdk support -->
164-->src/main/AndroidManifest.xml:75:58-78
165        <meta-data
165-->[:react-native-firebase_crashlytics] AndroidManifest.xml:12:9-14:37
166            android:name="firebase_crashlytics_collection_enabled"
166-->[:react-native-firebase_crashlytics] AndroidManifest.xml:13:13-67
167            android:value="false" />
167-->[:react-native-firebase_crashlytics] AndroidManifest.xml:14:13-34
168
169        <provider
169-->[:react-native-firebase_crashlytics] AndroidManifest.xml:16:9-20:38
170            android:name="io.invertase.firebase.crashlytics.ReactNativeFirebaseCrashlyticsInitProvider"
170-->[:react-native-firebase_crashlytics] AndroidManifest.xml:17:13-104
171            android:authorities="com.socketVal.reactnativefirebasecrashlyticsinitprovider"
171-->[:react-native-firebase_crashlytics] AndroidManifest.xml:18:13-94
172            android:exported="false"
172-->[:react-native-firebase_crashlytics] AndroidManifest.xml:19:13-37
173            android:initOrder="98" />
173-->[:react-native-firebase_crashlytics] AndroidManifest.xml:20:13-35
174
175        <service
175-->[:react-native-firebase_messaging] AndroidManifest.xml:14:9-16:40
176            android:name="io.invertase.firebase.messaging.ReactNativeFirebaseMessagingHeadlessService"
176-->[:react-native-firebase_messaging] AndroidManifest.xml:15:13-103
177            android:exported="false" />
177-->[:react-native-firebase_messaging] AndroidManifest.xml:16:13-37
178        <service
178-->[:react-native-firebase_messaging] AndroidManifest.xml:17:9-23:19
179            android:name="io.invertase.firebase.messaging.ReactNativeFirebaseMessagingService"
179-->[:react-native-firebase_messaging] AndroidManifest.xml:18:13-95
180            android:exported="false" >
180-->[:react-native-firebase_messaging] AndroidManifest.xml:19:13-37
181            <intent-filter>
181-->src/main/AndroidManifest.xml:37:13-39:29
182                <action android:name="com.google.firebase.MESSAGING_EVENT" />
182-->src/main/AndroidManifest.xml:38:17-78
182-->src/main/AndroidManifest.xml:38:25-75
183            </intent-filter>
184        </service>
185
186        <receiver
186-->[:react-native-firebase_messaging] AndroidManifest.xml:25:9-32:20
187            android:name="io.invertase.firebase.messaging.ReactNativeFirebaseMessagingReceiver"
187-->[:react-native-firebase_messaging] AndroidManifest.xml:26:13-96
188            android:exported="true"
188-->[:react-native-firebase_messaging] AndroidManifest.xml:27:13-36
189            android:permission="com.google.android.c2dm.permission.SEND" >
189-->[:react-native-firebase_messaging] AndroidManifest.xml:28:13-73
190            <intent-filter>
190-->[:react-native-firebase_messaging] AndroidManifest.xml:29:13-31:29
191                <action android:name="com.google.android.c2dm.intent.RECEIVE" />
191-->[:react-native-firebase_messaging] AndroidManifest.xml:30:17-81
191-->[:react-native-firebase_messaging] AndroidManifest.xml:30:25-78
192            </intent-filter>
193        </receiver>
194
195        <meta-data
195-->[:react-native-firebase_messaging] AndroidManifest.xml:34:9-36:36
196            android:name="firebase_messaging_auto_init_enabled"
196-->[:react-native-firebase_messaging] AndroidManifest.xml:35:13-64
197            android:value="true" />
197-->[:react-native-firebase_messaging] AndroidManifest.xml:36:13-33
198        <meta-data
198-->[:react-native-firebase_messaging] AndroidManifest.xml:37:9-39:32
199            android:name="com.google.firebase.messaging.default_notification_channel_id"
199-->[:react-native-firebase_messaging] AndroidManifest.xml:38:13-89
200            android:value="" />
200-->[:react-native-firebase_messaging] AndroidManifest.xml:39:13-29
201        <meta-data
201-->[:react-native-firebase_messaging] AndroidManifest.xml:40:9-42:47
202            android:name="com.google.firebase.messaging.default_notification_color"
202-->[:react-native-firebase_messaging] AndroidManifest.xml:41:13-84
203            android:resource="@color/white" />
203-->[:react-native-firebase_messaging] AndroidManifest.xml:42:13-44
204        <meta-data
204-->[:react-native-firebase_app] AndroidManifest.xml:11:9-13:36
205            android:name="app_data_collection_default_enabled"
205-->[:react-native-firebase_app] AndroidManifest.xml:12:13-63
206            android:value="true" />
206-->[:react-native-firebase_app] AndroidManifest.xml:13:13-33
207
208        <service
208-->[:react-native-firebase_app] AndroidManifest.xml:15:9-23:19
209            android:name="com.google.firebase.components.ComponentDiscoveryService"
209-->[:react-native-firebase_app] AndroidManifest.xml:16:13-84
210            android:directBootAware="true"
210-->[:react-native-firebase_app] AndroidManifest.xml:17:13-43
211            android:exported="false" >
211-->[:react-native-firebase_app] AndroidManifest.xml:18:13-37
212            <meta-data
212-->[:react-native-firebase_app] AndroidManifest.xml:20:13-22:85
213                android:name="com.google.firebase.components:io.invertase.firebase.app.ReactNativeFirebaseAppRegistrar"
213-->[:react-native-firebase_app] AndroidManifest.xml:21:17-120
214                android:value="com.google.firebase.components.ComponentRegistrar" />
214-->[:react-native-firebase_app] AndroidManifest.xml:22:17-82
215            <meta-data
215-->[com.google.firebase:firebase-crashlytics-ndk:18.2.11] AndroidManifest.xml:35:13-37:85
216                android:name="com.google.firebase.components:com.google.firebase.crashlytics.ndk.CrashlyticsNdkRegistrar"
216-->[com.google.firebase:firebase-crashlytics-ndk:18.2.11] AndroidManifest.xml:36:17-122
217                android:value="com.google.firebase.components.ComponentRegistrar" />
217-->[com.google.firebase:firebase-crashlytics-ndk:18.2.11] AndroidManifest.xml:37:17-82
218            <meta-data
218-->[com.google.firebase:firebase-crashlytics:18.2.11] AndroidManifest.xml:18:13-20:85
219                android:name="com.google.firebase.components:com.google.firebase.crashlytics.CrashlyticsRegistrar"
219-->[com.google.firebase:firebase-crashlytics:18.2.11] AndroidManifest.xml:19:17-115
220                android:value="com.google.firebase.components.ComponentRegistrar" />
220-->[com.google.firebase:firebase-crashlytics:18.2.11] AndroidManifest.xml:20:17-82
221            <meta-data
221-->[com.google.android.gms:play-services-measurement-api:21.1.0] AndroidManifest.xml:31:13-33:85
222                android:name="com.google.firebase.components:com.google.firebase.analytics.connector.internal.AnalyticsConnectorRegistrar"
222-->[com.google.android.gms:play-services-measurement-api:21.1.0] AndroidManifest.xml:32:17-139
223                android:value="com.google.firebase.components.ComponentRegistrar" />
223-->[com.google.android.gms:play-services-measurement-api:21.1.0] AndroidManifest.xml:33:17-82
224            <meta-data
224-->[com.google.firebase:firebase-messaging:23.0.6] AndroidManifest.xml:56:13-58:85
225                android:name="com.google.firebase.components:com.google.firebase.messaging.FirebaseMessagingRegistrar"
225-->[com.google.firebase:firebase-messaging:23.0.6] AndroidManifest.xml:57:17-119
226                android:value="com.google.firebase.components.ComponentRegistrar" />
226-->[com.google.firebase:firebase-messaging:23.0.6] AndroidManifest.xml:58:17-82
227            <meta-data
227-->[com.google.firebase:firebase-datatransport:18.1.5] AndroidManifest.xml:28:13-30:85
228                android:name="com.google.firebase.components:com.google.firebase.datatransport.TransportRegistrar"
228-->[com.google.firebase:firebase-datatransport:18.1.5] AndroidManifest.xml:29:17-115
229                android:value="com.google.firebase.components.ComponentRegistrar" />
229-->[com.google.firebase:firebase-datatransport:18.1.5] AndroidManifest.xml:30:17-82
230            <meta-data
230-->[com.google.firebase:firebase-installations:17.0.1] AndroidManifest.xml:18:13-20:85
231                android:name="com.google.firebase.components:com.google.firebase.installations.FirebaseInstallationsRegistrar"
231-->[com.google.firebase:firebase-installations:17.0.1] AndroidManifest.xml:19:17-127
232                android:value="com.google.firebase.components.ComponentRegistrar" />
232-->[com.google.firebase:firebase-installations:17.0.1] AndroidManifest.xml:20:17-82
233        </service>
234
235        <provider
235-->[:react-native-firebase_app] AndroidManifest.xml:25:9-29:38
236            android:name="io.invertase.firebase.app.ReactNativeFirebaseAppInitProvider"
236-->[:react-native-firebase_app] AndroidManifest.xml:26:13-88
237            android:authorities="com.socketVal.reactnativefirebaseappinitprovider"
237-->[:react-native-firebase_app] AndroidManifest.xml:27:13-86
238            android:exported="false"
238-->[:react-native-firebase_app] AndroidManifest.xml:28:13-37
239            android:initOrder="99" />
239-->[:react-native-firebase_app] AndroidManifest.xml:29:13-35
240        <provider
240-->[:react-native-image-picker] AndroidManifest.xml:10:9-18:20
241            android:name="com.imagepicker.ImagePickerProvider"
241-->[:react-native-image-picker] AndroidManifest.xml:11:13-63
242            android:authorities="com.socketVal.imagepickerprovider"
242-->[:react-native-image-picker] AndroidManifest.xml:12:13-71
243            android:exported="false"
243-->[:react-native-image-picker] AndroidManifest.xml:13:13-37
244            android:grantUriPermissions="true" >
244-->[:react-native-image-picker] AndroidManifest.xml:14:13-47
245            <meta-data
245-->[:react-native-image-picker] AndroidManifest.xml:15:13-17:70
246                android:name="android.support.FILE_PROVIDER_PATHS"
246-->[:react-native-image-picker] AndroidManifest.xml:16:17-67
247                android:resource="@xml/imagepicker_provider_paths" />
247-->[:react-native-image-picker] AndroidManifest.xml:17:17-67
248        </provider>
249        <provider
249-->[:react-native-webview] AndroidManifest.xml:10:9-18:20
250            android:name="com.reactnativecommunity.webview.RNCWebViewFileProvider"
250-->[:react-native-webview] AndroidManifest.xml:11:13-83
251            android:authorities="com.socketVal.fileprovider"
251-->[:react-native-webview] AndroidManifest.xml:12:13-64
252            android:exported="false"
252-->[:react-native-webview] AndroidManifest.xml:13:13-37
253            android:grantUriPermissions="true" >
253-->[:react-native-webview] AndroidManifest.xml:14:13-47
254            <meta-data
254-->[:react-native-image-picker] AndroidManifest.xml:15:13-17:70
255                android:name="android.support.FILE_PROVIDER_PATHS"
255-->[:react-native-image-picker] AndroidManifest.xml:16:17-67
256                android:resource="@xml/file_provider_paths" />
256-->[:react-native-image-picker] AndroidManifest.xml:17:17-67
257        </provider>
258
259        <activity
259-->[com.stripe:paymentsheet:20.12.0] AndroidManifest.xml:10:9-13:69
260            android:name="com.stripe.android.paymentsheet.PaymentSheetActivity"
260-->[com.stripe:paymentsheet:20.12.0] AndroidManifest.xml:11:13-80
261            android:exported="false"
261-->[com.stripe:paymentsheet:20.12.0] AndroidManifest.xml:12:13-37
262            android:theme="@style/StripePaymentSheetDefaultTheme" />
262-->[com.stripe:paymentsheet:20.12.0] AndroidManifest.xml:13:13-66
263        <activity
263-->[com.stripe:paymentsheet:20.12.0] AndroidManifest.xml:14:9-17:69
264            android:name="com.stripe.android.paymentsheet.PaymentOptionsActivity"
264-->[com.stripe:paymentsheet:20.12.0] AndroidManifest.xml:15:13-82
265            android:exported="false"
265-->[com.stripe:paymentsheet:20.12.0] AndroidManifest.xml:16:13-37
266            android:theme="@style/StripePaymentSheetDefaultTheme" />
266-->[com.stripe:paymentsheet:20.12.0] AndroidManifest.xml:17:13-66
267        <activity
267-->[com.stripe:paymentsheet:20.12.0] AndroidManifest.xml:18:9-21:69
268            android:name="com.stripe.android.paymentsheet.addresselement.AddressElementActivity"
268-->[com.stripe:paymentsheet:20.12.0] AndroidManifest.xml:19:13-97
269            android:exported="false"
269-->[com.stripe:paymentsheet:20.12.0] AndroidManifest.xml:20:13-37
270            android:theme="@style/StripePaymentSheetDefaultTheme" />
270-->[com.stripe:paymentsheet:20.12.0] AndroidManifest.xml:21:13-66
271        <activity
271-->[com.stripe:link:20.12.0] AndroidManifest.xml:10:9-14:52
272            android:name="com.stripe.android.link.LinkActivity"
272-->[com.stripe:link:20.12.0] AndroidManifest.xml:11:13-64
273            android:exported="false"
273-->[com.stripe:link:20.12.0] AndroidManifest.xml:12:13-37
274            android:label="@string/link"
274-->[com.stripe:link:20.12.0] AndroidManifest.xml:13:13-41
275            android:theme="@style/LinkBaseTheme" />
275-->[com.stripe:link:20.12.0] AndroidManifest.xml:14:13-49
276        <activity
276-->[com.stripe:financial-connections:20.12.0] AndroidManifest.xml:23:9-42:20